<?xml version="1.0" encoding="UTF-8"?>
<!-- Generated by org.testng.reporters.JUnitReportReporter -->
<testsuite skipped="0" hostname="DESKTOP-QUAN6A7" name="ModificationAdresseMockTest" tests="4" failures="0" timestamp="2021-01-06T00:23:46 CET" time="0.249" errors="0">
  <testcase name="un_mouvement_de_modification_d_adresse_est_créé_avec_la_nouvelle_adresse" time="0.029" classname="ModificationAdresseMockTest"/>
  <system-out/>
  <testcase name="le_conseiller_modifie_l_adresse_de_l_abonné" time="0.043" classname="ModificationAdresseMockTest"/>
  <system-out/>
  <testcase name="la_nouvelle_adresse_de_l_abonné_est_enregistrée_sur_l_ensemble_des_contrats_de_l_abonné" time="0.174" classname="ModificationAdresseMockTest"/>
  <system-out/>
  <testcase name="un_abonné_avec_une_adresse_principale_en_france" time="0.003" classname="ModificationAdresseMockTest"/>
  <system-out/>
</testsuite> <!-- ModificationAdresseMockTest -->
